c:\users\macaw\source\repos\raytracer\raytracer\debug\vc142.pdb
c:\users\macaw\source\repos\raytracer\raytracer\debug\vc142.idb
c:\users\macaw\source\repos\raytracer\raytracer\debug\vectors.obj
c:\users\macaw\source\repos\raytracer\raytracer\debug\main.obj
c:\users\macaw\source\repos\raytracer\raytracer\debug\ray.obj
c:\users\macaw\source\repos\raytracer\raytracer\debug\camera.obj
c:\users\macaw\source\repos\raytracer\raytracer\debug\vector.obj
c:\users\macaw\source\repos\raytracer\raytracer\debug\colour.obj
c:\users\macaw\source\repos\raytracer\raytracer\debug\sphere.obj
c:\users\macaw\source\repos\raytracer\raytracer\debug\light.obj
c:\users\macaw\source\repos\raytracer\raytracer\debug\object.obj
c:\users\macaw\source\repos\raytracer\raytracer\debug\plane.obj
c:\users\macaw\source\repos\raytracer\raytracer\debug\source.obj
c:\users\macaw\source\repos\raytracer\debug\raytracer.exe
c:\users\macaw\source\repos\raytracer\debug\raytracer.ilk
c:\users\macaw\source\repos\raytracer\debug\raytracer.pdb
c:\users\macaw\source\repos\raytracer\raytracer\debug\raytracer.tlog\cl.command.1.tlog
c:\users\macaw\source\repos\raytracer\raytracer\debug\raytracer.tlog\cl.read.1.tlog
c:\users\macaw\source\repos\raytracer\raytracer\debug\raytracer.tlog\cl.write.1.tlog
c:\users\macaw\source\repos\raytracer\raytracer\debug\raytracer.tlog\link.command.1.tlog
c:\users\macaw\source\repos\raytracer\raytracer\debug\raytracer.tlog\link.read.1.tlog
c:\users\macaw\source\repos\raytracer\raytracer\debug\raytracer.tlog\link.write.1.tlog
